0 info it worked if it ends with ok
1 verbose cli [ '/Users/rreusser/.nvm/versions/node/v6.8.0/bin/node',
1 verbose cli   '/Users/rreusser/.nvm/versions/node/v6.8.0/bin/npm',
1 verbose cli   '--no-progress',
1 verbose cli   'run',
1 verbose cli   'lint-fix' ]
2 info using npm@3.10.8
3 info using node@v6.8.0
4 verbose run-script [ 'prelint-fix', 'lint-fix', 'postlint-fix' ]
5 info lifecycle plotly-standalone-mock-viewer@1.0.0~prelint-fix: plotly-standalone-mock-viewer@1.0.0
6 silly lifecycle plotly-standalone-mock-viewer@1.0.0~prelint-fix: no script for prelint-fix, continuing
7 info lifecycle plotly-standalone-mock-viewer@1.0.0~lint-fix: plotly-standalone-mock-viewer@1.0.0
8 verbose lifecycle plotly-standalone-mock-viewer@1.0.0~lint-fix: unsafe-perm in lifecycle true
9 verbose lifecycle plotly-standalone-mock-viewer@1.0.0~lint-fix: PATH: /Users/rreusser/.nvm/versions/node/v6.8.0/lib/node_modules/npm/bin/node-gyp-bin:/Users/rreusser/plotly/standalone-plotly-mock-tester/node_modules/.bin:/Users/rreusser/.yarn/bin:/Users/rreusser/.nvm/versions/node/6.8.0/bin:/Users/rreusser/.nvm/versions/node/v6.8.0/bin:/Users/rreusser/anaconda/bin:/opt/local/bin:/opt/local/sbin:/usr/local/heroku/bin:/Users/rreusser/.rvm/gems/ruby-2.2.3/bin:/Users/rreusser/.rvm/gems/ruby-2.2.3@global/bin:/Users/rreusser/.rvm/rubies/ruby-2.2.3/bin:/usr/local/bin:/usr/local/bin:/usr/bin:/bin:/usr/sbin:/sbin:/opt/X11/bin:/usr/local/git/bin:/Library/TeX/texbin:/usr/local/Cellar/mysql/bin:/Developer/usr/bin:/usr/local/heroku/bin:/Users/rreusser/.rvm/bin:/usr/local/texlive/2015/bin/x86_64-darwin:/Users/rreusser/.rvm/bin:/usr/local/Cellar/android-sdk/24.4.1/tools:/usr/local/Cellar/android-sdk/24.4.1/platform-tools:/usr/local/share/scala/bin:/Applications/Inkscape.app/Contents/Resources/bin/:/usr/local/bin:/usr/bin:/bin:/usr/sbin:/sbin:/opt/X11/bin:/usr/local/git/bin:/usr/local/texlive/2015/bin/x86_64-darwin:/Users/rreusser/.rvm/bin
10 verbose lifecycle plotly-standalone-mock-viewer@1.0.0~lint-fix: CWD: /Users/rreusser/plotly/standalone-plotly-mock-tester
11 silly lifecycle plotly-standalone-mock-viewer@1.0.0~lint-fix: Args: [ '-c', 'standard --fix' ]
12 silly lifecycle plotly-standalone-mock-viewer@1.0.0~lint-fix: Returned: code: 1  signal: null
13 info lifecycle plotly-standalone-mock-viewer@1.0.0~lint-fix: Failed to exec lint-fix script
14 verbose stack Error: plotly-standalone-mock-viewer@1.0.0 lint-fix: `standard --fix`
14 verbose stack Exit status 1
14 verbose stack     at EventEmitter.<anonymous> (/Users/rreusser/.nvm/versions/node/v6.8.0/lib/node_modules/npm/lib/utils/lifecycle.js:255:16)
14 verbose stack     at emitTwo (events.js:106:13)
14 verbose stack     at EventEmitter.emit (events.js:191:7)
14 verbose stack     at ChildProcess.<anonymous> (/Users/rreusser/.nvm/versions/node/v6.8.0/lib/node_modules/npm/lib/utils/spawn.js:40:14)
14 verbose stack     at emitTwo (events.js:106:13)
14 verbose stack     at ChildProcess.emit (events.js:191:7)
14 verbose stack     at maybeClose (internal/child_process.js:877:16)
14 verbose stack     at Process.ChildProcess._handle.onexit (internal/child_process.js:226:5)
15 verbose pkgid plotly-standalone-mock-viewer@1.0.0
16 verbose cwd /Users/rreusser/plotly/standalone-plotly-mock-tester
17 error Darwin 16.4.0
18 error argv "/Users/rreusser/.nvm/versions/node/v6.8.0/bin/node" "/Users/rreusser/.nvm/versions/node/v6.8.0/bin/npm" "--no-progress" "run" "lint-fix"
19 error node v6.8.0
20 error npm  v3.10.8
21 error code ELIFECYCLE
22 error plotly-standalone-mock-viewer@1.0.0 lint-fix: `standard --fix`
22 error Exit status 1
23 error Failed at the plotly-standalone-mock-viewer@1.0.0 lint-fix script 'standard --fix'.
23 error Make sure you have the latest version of node.js and npm installed.
23 error If you do, this is most likely a problem with the plotly-standalone-mock-viewer package,
23 error not with npm itself.
23 error Tell the author that this fails on your system:
23 error     standard --fix
23 error You can get information on how to open an issue for this project with:
23 error     npm bugs plotly-standalone-mock-viewer
23 error Or if that isn't available, you can get their info via:
23 error     npm owner ls plotly-standalone-mock-viewer
23 error There is likely additional logging output above.
24 verbose exit [ 1, true ]
